#
# There is insufficient memory for the Java Runtime Environment to continue.
# Native memory allocation (mmap) failed to map 132120576 bytes for G1 virtual space
# Possible reasons:
#   The system is out of physical RAM or swap space
#   The process is running with CompressedOops enabled, and the Java Heap may be blocking the growth of the native heap
# Possible solutions:
#   Reduce memory load on the system
#   Increase physical memory or swap space
#   Check if swap backing store is full
#   Decrease Java heap size (-Xmx/-Xms)
#   Decrease number of Java threads
#   Decrease Java thread stack sizes (-Xss)
#   Set larger code cache with -XX:ReservedCodeCacheSize=
#   JVM is running with Unscaled Compressed Oops mode in which the Java heap is
#     placed in the first 4GB address space. The Java Heap base address is the
#     maximum limit for the native heap growth. Please use -XX:HeapBaseMinAddress
#     to set the Java Heap base and to place the Java Heap above 4GB virtual address.
# This output file may be truncated or incomplete.
#
#  Out of Memory Error (os_windows.cpp:3613), pid=11360, tid=1616
#
# JRE version:  (17.0.9+9) (build )
# Java VM: OpenJDK 64-Bit Server VM (17.0.9+9, mixed mode, sharing, tiered, compressed oops, compressed class ptrs, g1 gc, windows-amd64)
# No core dump will be written. Minidumps are not enabled by default on client versions of Windows
#

---------------  S U M M A R Y ------------

Command Line: -Dfile.encoding=UTF-8 -Dstdout.encoding=UTF-8 -Dstderr.encoding=UTF-8 -XX:+ShowCodeDetailsInExceptionMessages com.dac.portal.PortalTemplateApplication

Host: AMD Ryzen 5 3550H with Radeon Vega Mobile Gfx  , 8 cores, 7G,  Windows 11 , 64 bit Build 22621 (10.0.22621.2506)
Time: Sat Dec 16 16:39:46 2023 India Standard Time elapsed time: 0.017710 seconds (0d 0h 0m 0s)

---------------  T H R E A D  ---------------

Current thread (0x000001e09d1cd800):  JavaThread "Unknown thread" [_thread_in_vm, id=1616, stack(0x0000009a8fb00000,0x0000009a8fc00000)]

Stack: [0x0000009a8fb00000,0x0000009a8fc00000]
Native frames: (J=compiled Java code, j=interpreted, Vv=VM code, C=native code)
V  [jvm.dll+0x67cf49]
V  [jvm.dll+0x83478a]
V  [jvm.dll+0x83624e]
V  [jvm.dll+0x8368b3]
V  [jvm.dll+0x247f1f]
V  [jvm.dll+0x679d69]
V  [jvm.dll+0x66e6ba]
V  [jvm.dll+0x307e5b]
V  [jvm.dll+0x30f306]
V  [jvm.dll+0x35f0ce]
V  [jvm.dll+0x35f2ff]
V  [jvm.dll+0x2dea58]
V  [jvm.dll+0x2df9c4]
V  [jvm.dll+0x806031]
V  [jvm.dll+0x36cf31]
V  [jvm.dll+0x7e4aac]
V  [jvm.dll+0x3f07af]
V  [jvm.dll+0x3f23e1]
C  [jli.dll+0x528f]
C  [ucrtbase.dll+0x29363]
C  [KERNEL32.DLL+0x1257d]
C  [ntdll.dll+0x5aa58]


---------------  P R O C E S S  ---------------

Threads class SMR info:
_java_thread_list=0x00007ff8d057ee98, length=0, elements={
}

Java Threads: ( => current thread )

Other Threads:
  0x000001e09f44a400 GCTaskThread "GC Thread#0" [stack: 0x0000009a8fc00000,0x0000009a8fd00000] [id=3848]
  0x000001e09f45b530 ConcurrentGCThread "G1 Main Marker" [stack: 0x0000009a8fd00000,0x0000009a8fe00000] [id=22436]
  0x000001e09f45bf50 ConcurrentGCThread "G1 Conc#0" [stack: 0x0000009a8fe00000,0x0000009a8ff00000] [id=9496]

[error occurred during error reporting (printing all threads), id 0xc0000005, EXCEPTION_ACCESS_VIOLATION (0xc0000005) at pc=0x00007ff8cfd3f497]

VM state: not at safepoint (not fully initialized)

VM Mutex/Monitor currently owned by a thread:  ([mutex/lock_event])
[0x000001e09f3ed7a0] Heap_lock - owner thread: 0x000001e09d1cd800

Heap address: 0x0000000082e00000, size: 2002 MB, Compressed Oops mode: 32-bit

CDS archive(s) mapped at: [0x0000000000000000-0x0000000000000000-0x0000000000000000), size 0, SharedBaseAddress: 0x0000000800000000, ArchiveRelocationMode: 1.
Narrow klass base: 0x0000000000000000, Narrow klass shift: 0, Narrow klass range: 0x0

GC Precious Log:
<Empty>

Heap:
 garbage-first heap   total 0K, used 0K [0x0000000082e00000, 0x0000000100000000)
  region size 1024K, 0 young (0K), 0 survivors (0K)

[error occurred during error reporting (printing heap information), id 0xc0000005, EXCEPTION_ACCESS_VIOLATION (0xc0000005) at pc=0x00007ff8d0126c79]

GC Heap History (0 events):
No events

Dll operation events (1 events):
Event: 0.012 Loaded shared library C:\Users\NIKHIL MOWADE\OneDrive\Desktop\mysql connector and java jars\new sts\sts-4.21.0.RELEASE\plugins\org.eclipse.justj.openjdk.hotspot.jre.full.win32.x86_64_17.0.9.v20231028-0858\jre\bin\java.dll

Deoptimization events (0 events):
No events

Classes unloaded (0 events):
No events

Classes redefined (0 events):
No events

Internal exceptions (0 events):
No events

VM Operations (0 events):
No events

Events (0 events):
No events


Dynamic libraries:
0x00007ff7ee740000 - 0x00007ff7ee74e000 	C:\Users\NIKHIL MOWADE\OneDrive\Desktop\mysql connector and java jars\new sts\sts-4.21.0.RELEASE\plugins\org.eclipse.justj.openjdk.hotspot.jre.full.win32.x86_64_17.0.9.v20231028-0858\jre\bin\javaw.exe
0x00007ff932330000 - 0x00007ff932547000 	C:\WINDOWS\SYSTEM32\ntdll.dll
0x00007ff930ef0000 - 0x00007ff930fb4000 	C:\WINDOWS\System32\KERNEL32.DLL
0x00007ff92f880000 - 0x00007ff92fc26000 	C:\WINDOWS\System32\KERNELBASE.dll
0x00007ff92fc30000 - 0x00007ff92fd41000 	C:\WINDOWS\System32\ucrtbase.dll
0x00007ff92a980000 - 0x00007ff92a997000 	C:\Users\NIKHIL MOWADE\OneDrive\Desktop\mysql connector and java jars\new sts\sts-4.21.0.RELEASE\plugins\org.eclipse.justj.openjdk.hotspot.jre.full.win32.x86_64_17.0.9.v20231028-0858\jre\bin\jli.dll
0x00007ff927c40000 - 0x00007ff927c5b000 	C:\Users\NIKHIL MOWADE\OneDrive\Desktop\mysql connector and java jars\new sts\sts-4.21.0.RELEASE\plugins\org.eclipse.justj.openjdk.hotspot.jre.full.win32.x86_64_17.0.9.v20231028-0858\jre\bin\VCRUNTIME140.dll
0x00007ff931e20000 - 0x00007ff931fce000 	C:\WINDOWS\System32\USER32.dll
0x00007ff92ffd0000 - 0x00007ff92fff6000 	C:\WINDOWS\System32\win32u.dll
0x00007ff919cf0000 - 0x00007ff919f83000 	C:\WINDOWS\WinSxS\amd64_microsoft.windows.common-controls_6595b64144ccf1df_6.0.22621.2506_none_270c5ae97388e100\COMCTL32.dll
0x00007ff9322c0000 - 0x00007ff9322e9000 	C:\WINDOWS\System32\GDI32.dll
0x00007ff9320b0000 - 0x00007ff932157000 	C:\WINDOWS\System32\msvcrt.dll
0x00007ff92f760000 - 0x00007ff92f878000 	C:\WINDOWS\System32\gdi32full.dll
0x00007ff92fd50000 - 0x00007ff92fdea000 	C:\WINDOWS\System32\msvcp_win.dll
0x00007ff932160000 - 0x00007ff932191000 	C:\WINDOWS\System32\IMM32.DLL
0x00007ff929020000 - 0x00007ff92902c000 	C:\Users\NIKHIL MOWADE\OneDrive\Desktop\mysql connector and java jars\new sts\sts-4.21.0.RELEASE\plugins\org.eclipse.justj.openjdk.hotspot.jre.full.win32.x86_64_17.0.9.v20231028-0858\jre\bin\vcruntime140_1.dll
0x00007ff912fb0000 - 0x00007ff91303d000 	C:\Users\NIKHIL MOWADE\OneDrive\Desktop\mysql connector and java jars\new sts\sts-4.21.0.RELEASE\plugins\org.eclipse.justj.openjdk.hotspot.jre.full.win32.x86_64_17.0.9.v20231028-0858\jre\bin\msvcp140.dll
0x00007ff8cfa50000 - 0x00007ff8d06b1000 	C:\Users\NIKHIL MOWADE\OneDrive\Desktop\mysql connector and java jars\new sts\sts-4.21.0.RELEASE\plugins\org.eclipse.justj.openjdk.hotspot.jre.full.win32.x86_64_17.0.9.v20231028-0858\jre\bin\server\jvm.dll
0x00007ff930080000 - 0x00007ff930131000 	C:\WINDOWS\System32\ADVAPI32.dll
0x00007ff930d10000 - 0x00007ff930db5000 	C:\WINDOWS\System32\sechost.dll
0x00007ff9321a0000 - 0x00007ff9322b7000 	C:\WINDOWS\System32\RPCRT4.dll
0x00007ff92ab10000 - 0x00007ff92ab19000 	C:\WINDOWS\SYSTEM32\WSOCK32.dll
0x00007ff927b00000 - 0x00007ff927b34000 	C:\WINDOWS\SYSTEM32\WINMM.dll
0x00007ff9282b0000 - 0x00007ff9282ba000 	C:\WINDOWS\SYSTEM32\VERSION.dll
0x00007ff931fd0000 - 0x00007ff932041000 	C:\WINDOWS\System32\WS2_32.dll
0x00007ff92f570000 - 0x00007ff92f5bd000 	C:\WINDOWS\SYSTEM32\POWRPROF.dll
0x00007ff92f550000 - 0x00007ff92f563000 	C:\WINDOWS\SYSTEM32\UMPDC.dll
0x00007ff92e6a0000 - 0x00007ff92e6b8000 	C:\WINDOWS\SYSTEM32\kernel.appcore.dll
0x00007ff92aa40000 - 0x00007ff92aa4a000 	C:\Users\NIKHIL MOWADE\OneDrive\Desktop\mysql connector and java jars\new sts\sts-4.21.0.RELEASE\plugins\org.eclipse.justj.openjdk.hotspot.jre.full.win32.x86_64_17.0.9.v20231028-0858\jre\bin\jimage.dll
0x00007ff91ead0000 - 0x00007ff91ed03000 	C:\WINDOWS\SYSTEM32\DBGHELP.DLL
0x00007ff930980000 - 0x00007ff930d09000 	C:\WINDOWS\System32\combase.dll
0x00007ff930e10000 - 0x00007ff930ee7000 	C:\WINDOWS\System32\OLEAUT32.dll
0x00007ff917430000 - 0x00007ff917462000 	C:\WINDOWS\SYSTEM32\dbgcore.DLL
0x00007ff930000000 - 0x00007ff93007a000 	C:\WINDOWS\System32\bcryptPrimitives.dll
0x00007ff929100000 - 0x00007ff929125000 	C:\Users\NIKHIL MOWADE\OneDrive\Desktop\mysql connector and java jars\new sts\sts-4.21.0.RELEASE\plugins\org.eclipse.justj.openjdk.hotspot.jre.full.win32.x86_64_17.0.9.v20231028-0858\jre\bin\java.dll

dbghelp: loaded successfully - version: 4.0.5 - missing functions: none
symbol engine: initialized successfully - sym options: 0x614 - pdb path: .;C:\Users\NIKHIL MOWADE\OneDrive\Desktop\mysql connector and java jars\new sts\sts-4.21.0.RELEASE\plugins\org.eclipse.justj.openjdk.hotspot.jre.full.win32.x86_64_17.0.9.v20231028-0858\jre\bin;C:\WINDOWS\SYSTEM32;C:\WINDOWS\WinSxS\amd64_microsoft.windows.common-controls_6595b64144ccf1df_6.0.22621.2506_none_270c5ae97388e100;C:\Users\NIKHIL MOWADE\OneDrive\Desktop\mysql connector and java jars\new sts\sts-4.21.0.RELEASE\plugins\org.eclipse.justj.openjdk.hotspot.jre.full.win32.x86_64_17.0.9.v20231028-0858\jre\bin\server

VM Arguments:
jvm_args: -Dfile.encoding=UTF-8 -Dstdout.encoding=UTF-8 -Dstderr.encoding=UTF-8 -XX:+ShowCodeDetailsInExceptionMessages 
java_command: com.dac.portal.PortalTemplateApplication
java_class_path (initial): C:\CDAC\Class Works\Web-based Java Programming\Rest-Api\Day 22-20231216T101620Z-001\Day 22\PortalTemplate\target\classes;C:\Users\NIKHIL MOWADE\.m2\repository\org\springframework\boot\spring-boot-starter-thymeleaf\3.2.0\spring-boot-starter-thymeleaf-3.2.0.jar;C:\Users\NIKHIL MOWADE\.m2\repository\org\springframework\boot\spring-boot-starter\3.2.0\spring-boot-starter-3.2.0.jar;C:\Users\NIKHIL MOWADE\.m2\repository\org\springframework\boot\spring-boot-starter-logging\3.2.0\spring-boot-starter-logging-3.2.0.jar;C:\Users\NIKHIL MOWADE\.m2\repository\ch\qos\logback\logback-classic\1.4.11\logback-classic-1.4.11.jar;C:\Users\NIKHIL MOWADE\.m2\repository\ch\qos\logback\logback-core\1.4.11\logback-core-1.4.11.jar;C:\Users\NIKHIL MOWADE\.m2\repository\org\apache\logging\log4j\log4j-to-slf4j\2.21.1\log4j-to-slf4j-2.21.1.jar;C:\Users\NIKHIL MOWADE\.m2\repository\org\apache\logging\log4j\log4j-api\2.21.1\log4j-api-2.21.1.jar;C:\Users\NIKHIL MOWADE\.m2\repository\org\slf4j\jul-to-slf4j\2.0.9\jul-to-slf4j-2.0.9.jar;C:\Users\NIKHIL MOWADE\.m2\repository\jakarta\annotation\jakarta.annotation-api\2.1.1\jakarta.annotation-api-2.1.1.jar;C:\Users\NIKHIL MOWADE\.m2\repository\org\yaml\snakeyaml\2.2\snakeyaml-2.2.jar;C:\Users\NIKHIL MOWADE\.m2\repository\org\thymeleaf\thymeleaf-spring6\3.1.2.RELEASE\thymeleaf-spring6-3.1.2.RELEASE.jar;C:\Users\NIKHIL MOWADE\.m2\repository\org\thymeleaf\thymeleaf\3.1.2.RELEASE\thymeleaf-3.1.2.RELEASE.jar;C:\Users\NIKHIL MOWADE\.m2\repository\org\attoparser\attoparser\2.0.7.RELEASE\attoparser-2.0.7.RELEASE.jar;C:\Users\NIKHIL MOWADE\.m2\repository\org\unbescape\unbescape\1.1.6.RELEASE\unbescape-1.1.6.RELEASE.jar;C:\Users\NIKHIL MOWADE\.m2\repository\org\slf4j\slf4j-api\2.0.9\slf4j-api-2.0.9.jar;C:\Users\NIKHIL MOWADE\.m2\repository\org\springframework\boot\spring-boot-starter-web\3.2.0\spring-boot-starter-web-3.2.0.jar;C:\Users\NIKHIL MOWADE\.m2\repository\org\springframework\boot\spring-boot-starter-json\3.2.0\spring-boot-start
Launcher Type: SUN_STANDARD

[Global flags]
     intx CICompilerCount                          = 4                                         {product} {ergonomic}
     uint ConcGCThreads                            = 2                                         {product} {ergonomic}
     uint G1ConcRefinementThreads                  = 8                                         {product} {ergonomic}
   size_t G1HeapRegionSize                         = 1048576                                   {product} {ergonomic}
    uintx GCDrainStackTargetSize                   = 64                                        {product} {ergonomic}
   size_t InitialHeapSize                          = 132120576                                 {product} {ergonomic}
   size_t MarkStackSize                            = 4194304                                   {product} {ergonomic}
   size_t MaxHeapSize                              = 2099249152                                {product} {ergonomic}
   size_t MinHeapDeltaBytes                        = 1048576                                   {product} {ergonomic}
   size_t MinHeapSize                              = 8388608                                   {product} {ergonomic}
    uintx NonNMethodCodeHeapSize                   = 5839372                                {pd product} {ergonomic}
    uintx NonProfiledCodeHeapSize                  = 122909434                              {pd product} {ergonomic}
    uintx ProfiledCodeHeapSize                     = 122909434                              {pd product} {ergonomic}
    uintx ReservedCodeCacheSize                    = 251658240                              {pd product} {ergonomic}
     bool SegmentedCodeCache                       = true                                      {product} {ergonomic}
     bool ShowCodeDetailsInExceptionMessages       = true                                   {manageable} {command line}
   size_t SoftMaxHeapSize                          = 2099249152                             {manageable} {ergonomic}
     bool UseCompressedClassPointers               = true                           {product lp64_product} {ergonomic}
     bool UseCompressedOops                        = true                           {product lp64_product} {ergonomic}
     bool UseG1GC                                  = true                                      {product} {ergonomic}
     bool UseLargePagesIndividualAllocation        = false                                  {pd product} {ergonomic}

Logging:
Log output configuration:
 #0: stdout all=warning uptime,level,tags
 #1: stderr all=off uptime,level,tags

Environment Variables:
PATH=C:/Users/NIKHIL MOWADE/OneDrive/Desktop/mysql connector and java jars/new sts/sts-4.21.0.RELEASE//plugins/org.eclipse.justj.openjdk.hotspot.jre.full.win32.x86_64_17.0.9.v20231028-0858/jre/bin/server;C:/Users/NIKHIL MOWADE/OneDrive/Desktop/mysql connector and java jars/new sts/sts-4.21.0.RELEASE//plugins/org.eclipse.justj.openjdk.hotspot.jre.full.win32.x86_64_17.0.9.v20231028-0858/jre/bin;C:\ProgramData\Oracle\Java\javapath;C:\Program Files\Common Files\Oracle\Java\javapath;C:\Program Files\Python311\Scripts\;C:\Program Files\Python311\;C:\Program Files\Python39\Scripts\;C:\Program Files\Python39\;C:\Program Files (x86)\Common Files\Oracle\Java\javapath;C:\Windows\system32;C:\Windows;C:\Windows\System32\Wbem;C:\Windows\System32\WindowsPowerShell\v1.0\;C:\Windows\System32\OpenSSH\;C:\Program Files (x86)\NVIDIA Corporation\PhysX\Common;C:\Program Files\NVIDIA Corporation\NVIDIA NvDLISR;C:\MinGW\bin;C:\WINDOWS\system32;C:\WINDOWS;C:\WINDOWS\System32\Wbem;C:\WINDOWS\System32\WindowsPowerShell\v1.0\;C:\WINDOWS\System32\OpenSSH\;C:\Program Files\nodejs;C:\Users\NIKHIL MOWADE\AppData\Roaming\Microsoft\Windows\Start Menu\Programs\Python 3.9;C:\Program Files\MySQL\MySQL Server 8.0\bin;C:\Program Files\Git\cmd;C:\Program Files\MongoDB\Server\5.0\bin;C:\Program Files\nodejs\;C:\Program Files\Java\jdk-17\bin;C:\Users\NIKHIL MOWADE\AppData\Local\Microsoft\WindowsApps;C:\Users\NIKHIL MOWADE\AppData\Local\Programs\Microsoft VS Code\bin;C:\Users\NIKHIL MOWADE\AppData\Roaming\Microsoft\Windows\Start Menu\Programs\Python 3.9;C:\xampp\php;C:\Users\NIKHIL MOWADE\AppData\Roaming\npm;C:\Program Files\Java\jdk-17\bin;;C:\Users\NIKHIL MOWADE\OneDrive\Desktop\mysql connector and java jars\new sts\sts-4.21.0.RELEASE;
USERNAME=NIKHIL MOWADE
OS=Windows_NT
PROCESSOR_IDENTIFIER=AMD64 Family 23 Model 24 Stepping 1, AuthenticAMD
TMP=C:\Users\NIKHIL~1\AppData\Local\Temp
TEMP=C:\Users\NIKHIL~1\AppData\Local\Temp



Periodic native trim disabled


---------------  S Y S T E M  ---------------

OS:
 Windows 11 , 64 bit Build 22621 (10.0.22621.2506)
OS uptime: 0 days 2:26 hours

CPU: total 8 (initial active 8) (8 cores per cpu, 2 threads per core) family 23 model 24 stepping 1 microcode 0x0, cx8, cmov, fxsr, ht, mmx, 3dnowpref, sse, sse2, sse3, ssse3, sse4a, sse4.1, sse4.2, popcnt, lzcnt, tsc, tscinvbit, avx, avx2, aes, clmul, bmi1, bmi2, adx, sha, fma, vzeroupper, clflush, clflushopt
Processor Information for all 8 processors :
  Max Mhz: 2100, Current Mhz: 2100, Mhz Limit: 2100

Memory: 4k page, system-wide physical 8000M (950M free)
TotalPageFile size 11000M (AvailPageFile size 54M)
current process WorkingSet (physical memory assigned to process): 11M, peak: 11M
current process commit charge ("private bytes"): 60M, peak: 186M

vm_info: OpenJDK 64-Bit Server VM (17.0.9+9) for windows-amd64 JRE (17.0.9+9), built on Oct 26 2023 14:01:42 by "admin" with MS VC++ 16.10 / 16.11 (VS2019)

END.
