#
# There is insufficient memory for the Java Runtime Environment to continue.
# Native memory allocation (malloc) failed to allocate 327056 bytes for Chunk::new
# Possible reasons:
#   The system is out of physical RAM or swap space
#   The process is running with CompressedOops enabled, and the Java Heap may be blocking the growth of the native heap
# Possible solutions:
#   Reduce memory load on the system
#   Increase physical memory or swap space
#   Check if swap backing store is full
#   Decrease Java heap size (-Xmx/-Xms)
#   Decrease number of Java threads
#   Decrease Java thread stack sizes (-Xss)
#   Set larger code cache with -XX:ReservedCodeCacheSize=
#   JVM is running with Unscaled Compressed Oops mode in which the Java heap is
#     placed in the first 4GB address space. The Java Heap base address is the
#     maximum limit for the native heap growth. Please use -XX:HeapBaseMinAddress
#     to set the Java Heap base and to place the Java Heap above 4GB virtual address.
# This output file may be truncated or incomplete.
#
#  Out of Memory Error (arena.cpp:191), pid=22344, tid=15316
#
# JRE version: OpenJDK Runtime Environment Temurin-17.0.9+9 (17.0.9+9) (build 17.0.9+9)
# Java VM: OpenJDK 64-Bit Server VM Temurin-17.0.9+9 (17.0.9+9, mixed mode, tiered, compressed oops, compressed class ptrs, g1 gc, windows-amd64)
# No core dump will be written. Minidumps are not enabled by default on client versions of Windows
#

---------------  S U M M A R Y ------------

Command Line: -Dfile.encoding=UTF-8 -Dstdout.encoding=UTF-8 -Dstderr.encoding=UTF-8 -XX:+ShowCodeDetailsInExceptionMessages com.dac.portal.PortalTemplateApplication

Host: AMD Ryzen 5 3550H with Radeon Vega Mobile Gfx  , 8 cores, 7G,  Windows 11 , 64 bit Build 22621 (10.0.22621.2506)
Time: Wed Dec 20 09:00:04 2023 India Standard Time elapsed time: 1.443059 seconds (0d 0h 0m 1s)

---------------  T H R E A D  ---------------

Current thread (0x000002e7fef2ba20):  JavaThread "C2 CompilerThread1" daemon [_thread_in_native, id=15316, stack(0x000000e96e500000,0x000000e96e600000)]


Current CompileTask:
C2:   1443 1573 % !   4       java.util.concurrent.ConcurrentHashMap::transfer @ 96 (849 bytes)

Stack: [0x000000e96e500000,0x000000e96e600000]
Native frames: (J=compiled Java code, j=interpreted, Vv=VM code, C=native code)
V  [jvm.dll+0x67cf49]
V  [jvm.dll+0x83478a]
V  [jvm.dll+0x83624e]
V  [jvm.dll+0x8368b3]
V  [jvm.dll+0x247f1f]
V  [jvm.dll+0xac43c]
V  [jvm.dll+0xaca8c]
V  [jvm.dll+0x367012]
V  [jvm.dll+0x3313ba]
V  [jvm.dll+0x33085a]
V  [jvm.dll+0x21a5b1]
V  [jvm.dll+0x2199d1]
V  [jvm.dll+0x1a57cd]
V  [jvm.dll+0x2297ae]
V  [jvm.dll+0x22797c]
V  [jvm.dll+0x7e9877]
V  [jvm.dll+0x7e3c3a]
V  [jvm.dll+0x67be35]
C  [ucrtbase.dll+0x29363]
C  [KERNEL32.DLL+0x1257d]
C  [ntdll.dll+0x5aa58]


---------------  P R O C E S S  ---------------

Threads class SMR info:
_java_thread_list=0x000002e7ff913b10, length=16, elements={
0x000002e7e2c6d7c0, 0x000002e7fed23a00, 0x000002e7fed24880, 0x000002e7fed67240,
0x000002e7fed67e00, 0x000002e7fed6a7d0, 0x000002e7fed6d1a0, 0x000002e7fed71440,
0x000002e7fed7be30, 0x000002e7fed86f20, 0x000002e7feee4820, 0x000002e7fef02020,
0x000002e7fef2ba20, 0x000002e7ff733760, 0x000002e7ff733c40, 0x000002e784241150
}

Java Threads: ( => current thread )
  0x000002e7e2c6d7c0 JavaThread "main" [_thread_blocked, id=8836, stack(0x000000e96d200000,0x000000e96d300000)]
  0x000002e7fed23a00 JavaThread "Reference Handler" daemon [_thread_blocked, id=3388, stack(0x000000e96d900000,0x000000e96da00000)]
  0x000002e7fed24880 JavaThread "Finalizer" daemon [_thread_blocked, id=22840, stack(0x000000e96da00000,0x000000e96db00000)]
  0x000002e7fed67240 JavaThread "Signal Dispatcher" daemon [_thread_blocked, id=2948, stack(0x000000e96db00000,0x000000e96dc00000)]
  0x000002e7fed67e00 JavaThread "Attach Listener" daemon [_thread_blocked, id=4544, stack(0x000000e96dc00000,0x000000e96dd00000)]
  0x000002e7fed6a7d0 JavaThread "Service Thread" daemon [_thread_blocked, id=23036, stack(0x000000e96dd00000,0x000000e96de00000)]
  0x000002e7fed6d1a0 JavaThread "Monitor Deflation Thread" daemon [_thread_blocked, id=300, stack(0x000000e96de00000,0x000000e96df00000)]
  0x000002e7fed71440 JavaThread "C2 CompilerThread0" daemon [_thread_in_native, id=10652, stack(0x000000e96df00000,0x000000e96e000000)]
  0x000002e7fed7be30 JavaThread "C1 CompilerThread0" daemon [_thread_blocked, id=15628, stack(0x000000e96e000000,0x000000e96e100000)]
  0x000002e7fed86f20 JavaThread "Sweeper thread" daemon [_thread_blocked, id=7052, stack(0x000000e96e100000,0x000000e96e200000)]
  0x000002e7feee4820 JavaThread "Notification Thread" daemon [_thread_blocked, id=13220, stack(0x000000e96e200000,0x000000e96e300000)]
  0x000002e7fef02020 JavaThread "Common-Cleaner" daemon [_thread_blocked, id=18476, stack(0x000000e96e400000,0x000000e96e500000)]
=>0x000002e7fef2ba20 JavaThread "C2 CompilerThread1" daemon [_thread_in_native, id=15316, stack(0x000000e96e500000,0x000000e96e600000)]
  0x000002e7ff733760 JavaThread "Thread-0" [_thread_blocked, id=16316, stack(0x000000e96e600000,0x000000e96e700000)]
  0x000002e7ff733c40 JavaThread "restartedMain" [_thread_in_vm, id=15100, stack(0x000000e96e700000,0x000000e96e800000)]
  0x000002e784241150 JavaThread "background-preinit" [_thread_in_vm, id=13792, stack(0x000000e96ed00000,0x000000e96ee00000)]

Other Threads:
  0x000002e7fed20040 VMThread "VM Thread" [stack: 0x000000e96d800000,0x000000e96d900000] [id=7808]
  0x000002e7feee8d20 WatcherThread [stack: 0x000000e96e300000,0x000000e96e400000] [id=4744]
  0x000002e7e4e5a480 GCTaskThread "GC Thread#0" [stack: 0x000000e96d300000,0x000000e96d400000] [id=13776]
  0x000002e784187230 GCTaskThread "GC Thread#1" [stack: 0x000000e96e800000,0x000000e96e900000] [id=16492]
  0x000002e7841874f0 GCTaskThread "GC Thread#2" [stack: 0x000000e96e900000,0x000000e96ea00000] [id=13504]
  0x000002e7841877b0 GCTaskThread "GC Thread#3" [stack: 0x000000e96ea00000,0x000000e96eb00000] [id=15088]
  0x000002e7841db220 GCTaskThread "GC Thread#4" [stack: 0x000000e96eb00000,0x000000e96ec00000] [id=2008]
  0x000002e7841db4e0 GCTaskThread "GC Thread#5" [stack: 0x000000e96ec00000,0x000000e96ed00000] [id=23784]
  0x000002e7e4e6ae10 ConcurrentGCThread "G1 Main Marker" [stack: 0x000000e96d400000,0x000000e96d500000] [id=9492]
  0x000002e7e4e6bfd0 ConcurrentGCThread "G1 Conc#0" [stack: 0x000000e96d500000,0x000000e96d600000] [id=23628]
  0x000002e7e4ead470 ConcurrentGCThread "G1 Refine#0" [stack: 0x000000e96d600000,0x000000e96d700000] [id=24268]
  0x000002e7e4eadea0 ConcurrentGCThread "G1 Service" [stack: 0x000000e96d700000,0x000000e96d800000] [id=22868]

Threads with active compile tasks:
C2 CompilerThread0     1474 1608   !   4       java.net.URL::<init> (543 bytes)
C2 CompilerThread1     1474 1573 % !   4       java.util.concurrent.ConcurrentHashMap::transfer @ 96 (849 bytes)

VM state: not at safepoint (normal execution)

VM Mutex/Monitor currently owned by a thread:  ([mutex/lock_event])
[0x000002e7e4dfbe20] Metaspace_lock - owner thread: 0x000002e7ff733c40

Heap address: 0x0000000082e00000, size: 2002 MB, Compressed Oops mode: 32-bit

CDS archive(s) not mapped
Compressed class space mapped at: 0x0000000100000000-0x0000000140000000, reserved size: 1073741824
Narrow klass base: 0x0000000000000000, Narrow klass shift: 3, Narrow klass range: 0x140000000

GC Precious Log:
 CPUs: 8 total, 8 available
 Memory: 8000M
 Large Page Support: Disabled
 NUMA Support: Disabled
 Compressed Oops: Enabled (32-bit)
 Heap Region Size: 1M
 Heap Min Capacity: 8M
 Heap Initial Capacity: 126M
 Heap Max Capacity: 2002M
 Pre-touch: Disabled
 Parallel Workers: 8
 Concurrent Workers: 2
 Concurrent Refinement Workers: 8
 Periodic GC: Disabled

Heap:
 garbage-first heap   total 129024K, used 23776K [0x0000000082e00000, 0x0000000100000000)
  region size 1024K, 24 young (24576K), 3 survivors (3072K)
 Metaspace       used 20065K, committed 20288K, reserved 1114112K
  class space    used 2125K, committed 2240K, reserved 1048576K

Heap Regions: E=young(eden), S=young(survivor), O=old, HS=humongous(starts), HC=humongous(continues), CS=collection set, F=free, OA=open archive, CA=closed archive, TAMS=top-at-mark-start (previous, next)
|   0|0x0000000082e00000, 0x0000000082f00000, 0x0000000082f00000|100%| O|  |TAMS 0x0000000082e00000, 0x0000000082e00000| Untracked 
|   1|0x0000000082f00000, 0x0000000082f38000, 0x0000000083000000| 21%| O|  |TAMS 0x0000000082f00000, 0x0000000082f00000| Untracked 
|   2|0x0000000083000000, 0x0000000083000000, 0x0000000083100000|  0%| F|  |TAMS 0x0000000083000000, 0x0000000083000000| Untracked 
|   3|0x0000000083100000, 0x0000000083100000, 0x0000000083200000|  0%| F|  |TAMS 0x0000000083100000, 0x0000000083100000| Untracked 
|   4|0x0000000083200000, 0x0000000083200000, 0x0000000083300000|  0%| F|  |TAMS 0x0000000083200000, 0x0000000083200000| Untracked 
|   5|0x0000000083300000, 0x0000000083300000, 0x0000000083400000|  0%| F|  |TAMS 0x0000000083300000, 0x0000000083300000| Untracked 
|   6|0x0000000083400000, 0x0000000083400000, 0x0000000083500000|  0%| F|  |TAMS 0x0000000083400000, 0x0000000083400000| Untracked 
|   7|0x0000000083500000, 0x0000000083500000, 0x0000000083600000|  0%| F|  |TAMS 0x0000000083500000, 0x0000000083500000| Untracked 
|   8|0x0000000083600000, 0x0000000083600000, 0x0000000083700000|  0%| F|  |TAMS 0x0000000083600000, 0x0000000083600000| Untracked 
|   9|0x0000000083700000, 0x0000000083700000, 0x0000000083800000|  0%| F|  |TAMS 0x0000000083700000, 0x0000000083700000| Untracked 
|  10|0x0000000083800000, 0x0000000083800000, 0x0000000083900000|  0%| F|  |TAMS 0x0000000083800000, 0x0000000083800000| Untracked 
|  11|0x0000000083900000, 0x0000000083900000, 0x0000000083a00000|  0%| F|  |TAMS 0x0000000083900000, 0x0000000083900000| Untracked 
|  12|0x0000000083a00000, 0x0000000083a00000, 0x0000000083b00000|  0%| F|  |TAMS 0x0000000083a00000, 0x0000000083a00000| Untracked 
|  13|0x0000000083b00000, 0x0000000083b00000, 0x0000000083c00000|  0%| F|  |TAMS 0x0000000083b00000, 0x0000000083b00000| Untracked 
|  14|0x0000000083c00000, 0x0000000083c00000, 0x0000000083d00000|  0%| F|  |TAMS 0x0000000083c00000, 0x0000000083c00000| Untracked 
|  15|0x0000000083d00000, 0x0000000083d00000, 0x0000000083e00000|  0%| F|  |TAMS 0x0000000083d00000, 0x0000000083d00000| Untracked 
|  16|0x0000000083e00000, 0x0000000083e00000, 0x0000000083f00000|  0%| F|  |TAMS 0x0000000083e00000, 0x0000000083e00000| Untracked 
|  17|0x0000000083f00000, 0x0000000083f00000, 0x0000000084000000|  0%| F|  |TAMS 0x0000000083f00000, 0x0000000083f00000| Untracked 
|  18|0x0000000084000000, 0x0000000084000000, 0x0000000084100000|  0%| F|  |TAMS 0x0000000084000000, 0x0000000084000000| Untracked 
|  19|0x0000000084100000, 0x0000000084100000, 0x0000000084200000|  0%| F|  |TAMS 0x0000000084100000, 0x0000000084100000| Untracked 
|  20|0x0000000084200000, 0x0000000084200000, 0x0000000084300000|  0%| F|  |TAMS 0x0000000084200000, 0x0000000084200000| Untracked 
|  21|0x0000000084300000, 0x0000000084300000, 0x0000000084400000|  0%| F|  |TAMS 0x0000000084300000, 0x0000000084300000| Untracked 
|  22|0x0000000084400000, 0x0000000084400000, 0x0000000084500000|  0%| F|  |TAMS 0x0000000084400000, 0x0000000084400000| Untracked 
|  23|0x0000000084500000, 0x0000000084500000, 0x0000000084600000|  0%| F|  |TAMS 0x0000000084500000, 0x0000000084500000| Untracked 
|  24|0x0000000084600000, 0x0000000084600000, 0x0000000084700000|  0%| F|  |TAMS 0x0000000084600000, 0x0000000084600000| Untracked 
|  25|0x0000000084700000, 0x0000000084700000, 0x0000000084800000|  0%| F|  |TAMS 0x0000000084700000, 0x0000000084700000| Untracked 
|  26|0x0000000084800000, 0x0000000084800000, 0x0000000084900000|  0%| F|  |TAMS 0x0000000084800000, 0x0000000084800000| Untracked 
|  27|0x0000000084900000, 0x0000000084900000, 0x0000000084a00000|  0%| F|  |TAMS 0x0000000084900000, 0x0000000084900000| Untracked 
|  28|0x0000000084a00000, 0x0000000084a00000, 0x0000000084b00000|  0%| F|  |TAMS 0x0000000084a00000, 0x0000000084a00000| Untracked 
|  29|0x0000000084b00000, 0x0000000084b00000, 0x0000000084c00000|  0%| F|  |TAMS 0x0000000084b00000, 0x0000000084b00000| Untracked 
|  30|0x0000000084c00000, 0x0000000084c00000, 0x0000000084d00000|  0%| F|  |TAMS 0x0000000084c00000, 0x0000000084c00000| Untracked 
|  31|0x0000000084d00000, 0x0000000084d00000, 0x0000000084e00000|  0%| F|  |TAMS 0x0000000084d00000, 0x0000000084d00000| Untracked 
|  32|0x0000000084e00000, 0x0000000084e00000, 0x0000000084f00000|  0%| F|  |TAMS 0x0000000084e00000, 0x0000000084e00000| Untracked 
|  33|0x0000000084f00000, 0x0000000084f00000, 0x0000000085000000|  0%| F|  |TAMS 0x0000000084f00000, 0x0000000084f00000| Untracked 
|  34|0x0000000085000000, 0x0000000085000000, 0x0000000085100000|  0%| F|  |TAMS 0x0000000085000000, 0x0000000085000000| Untracked 
|  35|0x0000000085100000, 0x0000000085100000, 0x0000000085200000|  0%| F|  |TAMS 0x0000000085100000, 0x0000000085100000| Untracked 
|  36|0x0000000085200000, 0x0000000085200000, 0x0000000085300000|  0%| F|  |TAMS 0x0000000085200000, 0x0000000085200000| Untracked 
|  37|0x0000000085300000, 0x0000000085300000, 0x0000000085400000|  0%| F|  |TAMS 0x0000000085300000, 0x0000000085300000| Untracked 
|  38|0x0000000085400000, 0x0000000085400000, 0x0000000085500000|  0%| F|  |TAMS 0x0000000085400000, 0x0000000085400000| Untracked 
|  39|0x0000000085500000, 0x0000000085500000, 0x0000000085600000|  0%| F|  |TAMS 0x0000000085500000, 0x0000000085500000| Untracked 
|  40|0x0000000085600000, 0x0000000085600000, 0x0000000085700000|  0%| F|  |TAMS 0x0000000085600000, 0x0000000085600000| Untracked 
|  41|0x0000000085700000, 0x0000000085700000, 0x0000000085800000|  0%| F|  |TAMS 0x0000000085700000, 0x0000000085700000| Untracked 
|  42|0x0000000085800000, 0x0000000085800000, 0x0000000085900000|  0%| F|  |TAMS 0x0000000085800000, 0x0000000085800000| Untracked 
|  43|0x0000000085900000, 0x0000000085900000, 0x0000000085a00000|  0%| F|  |TAMS 0x0000000085900000, 0x0000000085900000| Untracked 
|  44|0x0000000085a00000, 0x0000000085a00000, 0x0000000085b00000|  0%| F|  |TAMS 0x0000000085a00000, 0x0000000085a00000| Untracked 
|  45|0x0000000085b00000, 0x0000000085b00000, 0x0000000085c00000|  0%| F|  |TAMS 0x0000000085b00000, 0x0000000085b00000| Untracked 
|  46|0x0000000085c00000, 0x0000000085c00000, 0x0000000085d00000|  0%| F|  |TAMS 0x0000000085c00000, 0x0000000085c00000| Untracked 
|  47|0x0000000085d00000, 0x0000000085d00000, 0x0000000085e00000|  0%| F|  |TAMS 0x0000000085d00000, 0x0000000085d00000| Untracked 
|  48|0x0000000085e00000, 0x0000000085e00000, 0x0000000085f00000|  0%| F|  |TAMS 0x0000000085e00000, 0x0000000085e00000| Untracked 
|  49|0x0000000085f00000, 0x0000000085f00000, 0x0000000086000000|  0%| F|  |TAMS 0x0000000085f00000, 0x0000000085f00000| Untracked 
|  50|0x0000000086000000, 0x0000000086000000, 0x0000000086100000|  0%| F|  |TAMS 0x0000000086000000, 0x0000000086000000| Untracked 
|  51|0x0000000086100000, 0x0000000086100000, 0x0000000086200000|  0%| F|  |TAMS 0x0000000086100000, 0x0000000086100000| Untracked 
|  52|0x0000000086200000, 0x0000000086200000, 0x0000000086300000|  0%| F|  |TAMS 0x0000000086200000, 0x0000000086200000| Untracked 
|  53|0x0000000086300000, 0x0000000086300000, 0x0000000086400000|  0%| F|  |TAMS 0x0000000086300000, 0x0000000086300000| Untracked 
|  54|0x0000000086400000, 0x0000000086400000, 0x0000000086500000|  0%| F|  |TAMS 0x0000000086400000, 0x0000000086400000| Untracked 
|  55|0x0000000086500000, 0x0000000086500000, 0x0000000086600000|  0%| F|  |TAMS 0x0000000086500000, 0x0000000086500000| Untracked 
|  56|0x0000000086600000, 0x0000000086600000, 0x0000000086700000|  0%| F|  |TAMS 0x0000000086600000, 0x0000000086600000| Untracked 
|  57|0x0000000086700000, 0x0000000086700000, 0x0000000086800000|  0%| F|  |TAMS 0x0000000086700000, 0x0000000086700000| Untracked 
|  58|0x0000000086800000, 0x0000000086800000, 0x0000000086900000|  0%| F|  |TAMS 0x0000000086800000, 0x0000000086800000| Untracked 
|  59|0x0000000086900000, 0x0000000086900000, 0x0000000086a00000|  0%| F|  |TAMS 0x0000000086900000, 0x0000000086900000| Untracked 
|  60|0x0000000086a00000, 0x0000000086a00000, 0x0000000086b00000|  0%| F|  |TAMS 0x0000000086a00000, 0x0000000086a00000| Untracked 
|  61|0x0000000086b00000, 0x0000000086b00000, 0x0000000086c00000|  0%| F|  |TAMS 0x0000000086b00000, 0x0000000086b00000| Untracked 
|  62|0x0000000086c00000, 0x0000000086c00000, 0x0000000086d00000|  0%| F|  |TAMS 0x0000000086c00000, 0x0000000086c00000| Untracked 
|  63|0x0000000086d00000, 0x0000000086d00000, 0x0000000086e00000|  0%| F|  |TAMS 0x0000000086d00000, 0x0000000086d00000| Untracked 
|  64|0x0000000086e00000, 0x0000000086e00000, 0x0000000086f00000|  0%| F|  |TAMS 0x0000000086e00000, 0x0000000086e00000| Untracked 
|  65|0x0000000086f00000, 0x0000000086f00000, 0x0000000087000000|  0%| F|  |TAMS 0x0000000086f00000, 0x0000000086f00000| Untracked 
|  66|0x0000000087000000, 0x0000000087000000, 0x0000000087100000|  0%| F|  |TAMS 0x0000000087000000, 0x0000000087000000| Untracked 
|  67|0x0000000087100000, 0x0000000087100000, 0x0000000087200000|  0%| F|  |TAMS 0x0000000087100000, 0x0000000087100000| Untracked 
|  68|0x0000000087200000, 0x0000000087200000, 0x0000000087300000|  0%| F|  |TAMS 0x0000000087200000, 0x0000000087200000| Untracked 
|  69|0x0000000087300000, 0x0000000087300000, 0x0000000087400000|  0%| F|  |TAMS 0x0000000087300000, 0x0000000087300000| Untracked 
|  70|0x0000000087400000, 0x0000000087400000, 0x0000000087500000|  0%| F|  |TAMS 0x0000000087400000, 0x0000000087400000| Untracked 
|  71|0x0000000087500000, 0x0000000087500000, 0x0000000087600000|  0%| F|  |TAMS 0x0000000087500000, 0x0000000087500000| Untracked 
|  72|0x0000000087600000, 0x0000000087600000, 0x0000000087700000|  0%| F|  |TAMS 0x0000000087600000, 0x0000000087600000| Untracked 
|  73|0x0000000087700000, 0x0000000087700000, 0x0000000087800000|  0%| F|  |TAMS 0x0000000087700000, 0x0000000087700000| Untracked 
|  74|0x0000000087800000, 0x0000000087800000, 0x0000000087900000|  0%| F|  |TAMS 0x0000000087800000, 0x0000000087800000| Untracked 
|  75|0x0000000087900000, 0x0000000087900000, 0x0000000087a00000|  0%| F|  |TAMS 0x0000000087900000, 0x0000000087900000| Untracked 
|  76|0x0000000087a00000, 0x0000000087a00000, 0x0000000087b00000|  0%| F|  |TAMS 0x0000000087a00000, 0x0000000087a00000| Untracked 
|  77|0x0000000087b00000, 0x0000000087b00000, 0x0000000087c00000|  0%| F|  |TAMS 0x0000000087b00000, 0x0000000087b00000| Untracked 
|  78|0x0000000087c00000, 0x0000000087c00000, 0x0000000087d00000|  0%| F|  |TAMS 0x0000000087c00000, 0x0000000087c00000| Untracked 
|  79|0x0000000087d00000, 0x0000000087d00000, 0x0000000087e00000|  0%| F|  |TAMS 0x0000000087d00000, 0x0000000087d00000| Untracked 
|  80|0x0000000087e00000, 0x0000000087e00000, 0x0000000087f00000|  0%| F|  |TAMS 0x0000000087e00000, 0x0000000087e00000| Untracked 
|  81|0x0000000087f00000, 0x0000000087f00000, 0x0000000088000000|  0%| F|  |TAMS 0x0000000087f00000, 0x0000000087f00000| Untracked 
|  82|0x0000000088000000, 0x0000000088000000, 0x0000000088100000|  0%| F|  |TAMS 0x0000000088000000, 0x0000000088000000| Untracked 
|  83|0x0000000088100000, 0x0000000088100000, 0x0000000088200000|  0%| F|  |TAMS 0x0000000088100000, 0x0000000088100000| Untracked 
|  84|0x0000000088200000, 0x0000000088200000, 0x0000000088300000|  0%| F|  |TAMS 0x0000000088200000, 0x0000000088200000| Untracked 
|  85|0x0000000088300000, 0x0000000088300000, 0x0000000088400000|  0%| F|  |TAMS 0x0000000088300000, 0x0000000088300000| Untracked 
|  86|0x0000000088400000, 0x0000000088400000, 0x0000000088500000|  0%| F|  |TAMS 0x0000000088400000, 0x0000000088400000| Untracked 
|  87|0x0000000088500000, 0x0000000088500000, 0x0000000088600000|  0%| F|  |TAMS 0x0000000088500000, 0x0000000088500000| Untracked 
|  88|0x0000000088600000, 0x0000000088600000, 0x0000000088700000|  0%| F|  |TAMS 0x0000000088600000, 0x0000000088600000| Untracked 
|  89|0x0000000088700000, 0x0000000088700000, 0x0000000088800000|  0%| F|  |TAMS 0x0000000088700000, 0x0000000088700000| Untracked 
|  90|0x0000000088800000, 0x0000000088800000, 0x0000000088900000|  0%| F|  |TAMS 0x0000000088800000, 0x0000000088800000| Untracked 
|  91|0x0000000088900000, 0x0000000088900000, 0x0000000088a00000|  0%| F|  |TAMS 0x0000000088900000, 0x0000000088900000| Untracked 
|  92|0x0000000088a00000, 0x0000000088a00000, 0x0000000088b00000|  0%| F|  |TAMS 0x0000000088a00000, 0x0000000088a00000| Untracked 
|  93|0x0000000088b00000, 0x0000000088b00000, 0x0000000088c00000|  0%| F|  |TAMS 0x0000000088b00000, 0x0000000088b00000| Untracked 
|  94|0x0000000088c00000, 0x0000000088c00000, 0x0000000088d00000|  0%| F|  |TAMS 0x0000000088c00000, 0x0000000088c00000| Untracked 
|  95|0x0000000088d00000, 0x0000000088d00000, 0x0000000088e00000|  0%| F|  |TAMS 0x0000000088d00000, 0x0000000088d00000| Untracked 
|  96|0x0000000088e00000, 0x0000000088e00000, 0x0000000088f00000|  0%| F|  |TAMS 0x0000000088e00000, 0x0000000088e00000| Untracked 
|  97|0x0000000088f00000, 0x0000000088f00000, 0x0000000089000000|  0%| F|  |TAMS 0x0000000088f00000, 0x0000000088f00000| Untracked 
|  98|0x0000000089000000, 0x0000000089000000, 0x0000000089100000|  0%| F|  |TAMS 0x0000000089000000, 0x0000000089000000| Untracked 
|  99|0x0000000089100000, 0x0000000089100000, 0x0000000089200000|  0%| F|  |TAMS 0x0000000089100000, 0x0000000089100000| Untracked 
| 100|0x0000000089200000, 0x0000000089300000, 0x0000000089300000|100%| S|CS|TAMS 0x0000000089200000, 0x0000000089200000| Complete 
| 101|0x0000000089300000, 0x0000000089400000, 0x0000000089400000|100%| S|CS|TAMS 0x0000000089300000, 0x0000000089300000| Complete 
| 102|0x0000000089400000, 0x0000000089500000, 0x0000000089500000|100%| S|CS|TAMS 0x0000000089400000, 0x0000000089400000| Complete 
| 103|0x0000000089500000, 0x0000000089500000, 0x0000000089600000|  0%| F|  |TAMS 0x0000000089500000, 0x0000000089500000| Untracked 
| 104|0x0000000089600000, 0x0000000089600000, 0x0000000089700000|  0%| F|  |TAMS 0x0000000089600000, 0x0000000089600000| Untracked 
| 105|0x0000000089700000, 0x00000000897bd2d8, 0x0000000089800000| 73%| E|  |TAMS 0x0000000089700000, 0x0000000089700000| Complete 
| 106|0x0000000089800000, 0x0000000089900000, 0x0000000089900000|100%| E|CS|TAMS 0x0000000089800000, 0x0000000089800000| Complete 
| 107|0x0000000089900000, 0x0000000089a00000, 0x0000000089a00000|100%| E|CS|TAMS 0x0000000089900000, 0x0000000089900000| Complete 
| 108|0x0000000089a00000, 0x0000000089b00000, 0x0000000089b00000|100%| E|CS|TAMS 0x0000000089a00000, 0x0000000089a00000| Complete 
| 109|0x0000000089b00000, 0x0000000089c00000, 0x0000000089c00000|100%| E|CS|TAMS 0x0000000089b00000, 0x0000000089b00000| Complete 
| 110|0x0000000089c00000, 0x0000000089d00000, 0x0000000089d00000|100%| E|CS|TAMS 0x0000000089c00000, 0x0000000089c00000| Complete 
| 111|0x0000000089d00000, 0x0000000089e00000, 0x0000000089e00000|100%| E|CS|TAMS 0x0000000089d00000, 0x0000000089d00000| Complete 
| 112|0x0000000089e00000, 0x0000000089f00000, 0x0000000089f00000|100%| E|CS|TAMS 0x0000000089e00000, 0x0000000089e00000| Complete 
| 113|0x0000000089f00000, 0x000000008a000000, 0x000000008a000000|100%| E|  |TAMS 0x0000000089f00000, 0x0000000089f00000| Complete 
| 114|0x000000008a000000, 0x000000008a100000, 0x000000008a100000|100%| E|CS|TAMS 0x000000008a000000, 0x000000008a000000| Complete 
| 115|0x000000008a100000, 0x000000008a200000, 0x000000008a200000|100%| E|CS|TAMS 0x000000008a100000, 0x000000008a100000| Complete 
| 116|0x000000008a200000, 0x000000008a300000, 0x000000008a300000|100%| E|CS|TAMS 0x000000008a200000, 0x000000008a200000| Complete 
| 117|0x000000008a300000, 0x000000008a400000, 0x000000008a400000|100%| E|CS|TAMS 0x000000008a300000, 0x000000008a300000| Complete 
| 118|0x000000008a400000, 0x000000008a500000, 0x000000008a500000|100%| E|CS|TAMS 0x000000008a400000, 0x000000008a400000| Complete 
| 119|0x000000008a500000, 0x000000008a600000, 0x000000008a600000|100%| E|CS|TAMS 0x000000008a500000, 0x000000008a500000| Complete 
| 120|0x000000008a600000, 0x000000008a700000, 0x000000008a700000|100%| E|CS|TAMS 0x000000008a600000, 0x000000008a600000| Complete 
| 121|0x000000008a700000, 0x000000008a800000, 0x000000008a800000|100%| E|CS|TAMS 0x000000008a700000, 0x000000008a700000| Complete 
| 122|0x000000008a800000, 0x000000008a900000, 0x000000008a900000|100%| E|CS|TAMS 0x000000008a800000, 0x000000008a800000| Complete 
| 123|0x000000008a900000, 0x000000008aa00000, 0x000000008aa00000|100%| E|CS|TAMS 0x000000008a900000, 0x000000008a900000| Complete 
| 124|0x000000008aa00000, 0x000000008ab00000, 0x000000008ab00000|100%| E|CS|TAMS 0x000000008aa00000, 0x000000008aa00000| Complete 
| 125|0x000000008ab00000, 0x000000008ac00000, 0x000000008ac00000|100%| E|CS|TAMS 0x000000008ab00000, 0x000000008ab00000| Complete 

Card table byte_map: [0x000002e7f7be0000,0x000002e7f7fd0000] _byte_map_base: 0x000002e7f77c9000

Marking Bits (Prev, Next): (CMBitMap*) 0x000002e7e4e5aaa0, (CMBitMap*) 0x000002e7e4e5aae0
 Prev Bits: [0x000002e7f83c0000, 0x000002e7fa308000)
 Next Bits: [0x000002e7fa310000, 0x000002e7fc258000)

Polling page: 0x000002e7e2d80000

Metaspace:

Usage:
  Non-class:     17.52 MB used.
      Class:      2.08 MB used.
       Both:     19.60 MB used.

Virtual space:
  Non-class space:       64.00 MB reserved,      17.62 MB ( 28%) committed,  1 nodes.
      Class space:        1.00 GB reserved,       2.19 MB ( <1%) committed,  1 nodes.
             Both:        1.06 GB reserved,      19.81 MB (  2%) committed. 

Chunk freelists:
   Non-Class:  14.17 MB
       Class:  13.69 MB
        Both:  27.86 MB

MaxMetaspaceSize: unlimited
CompressedClassSpaceSize: 1.00 GB
Initial GC threshold: 21.00 MB
Current GC threshold: 21.00 MB
CDS: off
MetaspaceReclaimPolicy: balanced
 - commit_granule_bytes: 65536.
 - commit_granule_words: 8192.
 - virtual_space_node_default_size: 8388608.
 - enlarge_chunks_in_place: 1.
 - new_chunks_are_fully_committed: 0.
 - uncommit_free_chunks: 1.
 - use_allocation_guard: 0.
 - handle_deallocations: 1.


Internal statistics:

num_allocs_failed_limit: 0.
num_arena_births: 182.
num_arena_deaths: 0.
num_vsnodes_births: 2.
num_vsnodes_deaths: 0.
num_space_committed: 317.
num_space_uncommitted: 0.
num_chunks_returned_to_freelist: 0.
num_chunks_taken_from_freelist: 554.
num_chunk_merges: 0.
num_chunk_splits: 349.
num_chunks_enlarged: 264.
num_inconsistent_stats: 0.

CodeHeap 'non-profiled nmethods': size=120000Kb used=544Kb max_used=544Kb free=119455Kb
 bounds [0x000002e7eff90000, 0x000002e7f0200000, 0x000002e7f74c0000]
CodeHeap 'profiled nmethods': size=120000Kb used=3023Kb max_used=3023Kb free=116976Kb
 bounds [0x000002e7e84c0000, 0x000002e7e87c0000, 0x000002e7ef9f0000]
CodeHeap 'non-nmethods': size=5760Kb used=1179Kb max_used=1186Kb free=4580Kb
 bounds [0x000002e7ef9f0000, 0x000002e7efc60000, 0x000002e7eff90000]
 total_blobs=2097 nmethods=1620 adapters=389
 compilation: enabled
              stopped_count=0, restarted_count=0
 full_count=0

Compilation events (20 events):
Event: 1.431 Thread 0x000002e7fed7be30 nmethod 1591 0x000002e7e879d590 code [0x000002e7e879d780, 0x000002e7e879db88]
Event: 1.431 Thread 0x000002e7fed7be30 1601       3       java.util.Locale::hasExtensions (13 bytes)
Event: 1.431 Thread 0x000002e7fed7be30 nmethod 1601 0x000002e7e879dd90 code [0x000002e7e879df20, 0x000002e7e879e098]
Event: 1.431 Thread 0x000002e7fed7be30 1592       3       sun.util.locale.LanguageTag::<init> (50 bytes)
Event: 1.431 Thread 0x000002e7fed7be30 nmethod 1592 0x000002e7e879e110 code [0x000002e7e879e300, 0x000002e7e879e898]
Event: 1.431 Thread 0x000002e7fed7be30 1593       3       sun.util.locale.LanguageTag::parseLanguage (55 bytes)
Event: 1.432 Thread 0x000002e7fed71440 nmethod 1605 0x000002e7f0017290 code [0x000002e7f0017400, 0x000002e7f0017638]
Event: 1.432 Thread 0x000002e7fed7be30 nmethod 1593 0x000002e7e879e990 code [0x000002e7e879eb80, 0x000002e7e879f1d8]
Event: 1.432 Thread 0x000002e7fed7be30 1594       3       sun.util.locale.LanguageTag::isLanguage (29 bytes)
Event: 1.433 Thread 0x000002e7fed7be30 nmethod 1594 0x000002e7e879f410 code [0x000002e7e879f640, 0x000002e7e879fff8]
Event: 1.433 Thread 0x000002e7fed7be30 1595       3       sun.util.locale.LanguageTag::parseExtlangs (114 bytes)
Event: 1.434 Thread 0x000002e7fed7be30 nmethod 1595 0x000002e7e87a0310 code [0x000002e7e87a0560, 0x000002e7e87a0ff8]
Event: 1.435 Thread 0x000002e7fed7be30 1596       3       sun.util.locale.LanguageTag::parseScript (55 bytes)
Event: 1.435 Thread 0x000002e7fed7be30 nmethod 1596 0x000002e7e87a1310 code [0x000002e7e87a1500, 0x000002e7e87a1b18]
Event: 1.435 Thread 0x000002e7fed7be30 1597       3       sun.util.locale.LanguageTag::parseRegion (55 bytes)
Event: 1.436 Thread 0x000002e7fed7be30 nmethod 1597 0x000002e7e87a1d10 code [0x000002e7e87a1ee0, 0x000002e7e87a22d8]
Event: 1.436 Thread 0x000002e7fed7be30 1599       3       sun.util.locale.LanguageTag::parseExtensions (208 bytes)
Event: 1.437 Thread 0x000002e7fed71440 1606       4       java.util.StringTokenizer::scanToken (179 bytes)
Event: 1.438 Thread 0x000002e7fed7be30 nmethod 1599 0x000002e7e87a2410 code [0x000002e7e87a2800, 0x000002e7e87a4068]
Event: 1.438 Thread 0x000002e7fed7be30 1600       3       sun.util.locale.LanguageTag::parsePrivateuse (144 bytes)

GC Heap History (2 events):
Event: 1.035 GC heap before
{Heap before GC invocations=0 (full 0):
 garbage-first heap   total 129024K, used 22528K [0x0000000082e00000, 0x0000000100000000)
  region size 1024K, 23 young (23552K), 0 survivors (0K)
 Metaspace       used 14307K, committed 14528K, reserved 1114112K
  class space    used 1438K, committed 1536K, reserved 1048576K
}
Event: 1.040 GC heap after
{Heap after GC invocations=1 (full 0):
 garbage-first heap   total 129024K, used 4320K [0x0000000082e00000, 0x0000000100000000)
  region size 1024K, 3 young (3072K), 3 survivors (3072K)
 Metaspace       used 14307K, committed 14528K, reserved 1114112K
  class space    used 1438K, committed 1536K, reserved 1048576K
}

Dll operation events (7 events):
Event: 0.013 Loaded shared library C:\Users\NIKHIL MOWADE\OneDrive\Desktop\mysql connector and java jars\new sts\sts-4.21.0.RELEASE\plugins\org.eclipse.justj.openjdk.hotspot.jre.full.win32.x86_64_17.0.9.v20231028-0858\jre\bin\java.dll
Event: 0.207 Loaded shared library C:\Users\NIKHIL MOWADE\OneDrive\Desktop\mysql connector and java jars\new sts\sts-4.21.0.RELEASE\plugins\org.eclipse.justj.openjdk.hotspot.jre.full.win32.x86_64_17.0.9.v20231028-0858\jre\bin\net.dll
Event: 0.211 Loaded shared library C:\Users\NIKHIL MOWADE\OneDrive\Desktop\mysql connector and java jars\new sts\sts-4.21.0.RELEASE\plugins\org.eclipse.justj.openjdk.hotspot.jre.full.win32.x86_64_17.0.9.v20231028-0858\jre\bin\nio.dll
Event: 0.220 Loaded shared library C:\Users\NIKHIL MOWADE\OneDrive\Desktop\mysql connector and java jars\new sts\sts-4.21.0.RELEASE\plugins\org.eclipse.justj.openjdk.hotspot.jre.full.win32.x86_64_17.0.9.v20231028-0858\jre\bin\zip.dll
Event: 0.355 Loaded shared library C:\Users\NIKHIL MOWADE\OneDrive\Desktop\mysql connector and java jars\new sts\sts-4.21.0.RELEASE\plugins\org.eclipse.justj.openjdk.hotspot.jre.full.win32.x86_64_17.0.9.v20231028-0858\jre\bin\jimage.dll
Event: 0.747 Loaded shared library C:\Users\NIKHIL MOWADE\OneDrive\Desktop\mysql connector and java jars\new sts\sts-4.21.0.RELEASE\plugins\org.eclipse.justj.openjdk.hotspot.jre.full.win32.x86_64_17.0.9.v20231028-0858\jre\bin\management.dll
Event: 0.750 Loaded shared library C:\Users\NIKHIL MOWADE\OneDrive\Desktop\mysql connector and java jars\new sts\sts-4.21.0.RELEASE\plugins\org.eclipse.justj.openjdk.hotspot.jre.full.win32.x86_64_17.0.9.v20231028-0858\jre\bin\management_ext.dll

Deoptimization events (20 events):
Event: 1.172 Thread 0x000002e7ff733c40 Uncommon trap: trap_request=0xffffff45 fr.pc=0x000002e7effbec68 relative=0x0000000000000248
Event: 1.172 Thread 0x000002e7ff733c40 Uncommon trap: reason=unstable_if action=reinterpret pc=0x000002e7effbec68 method=java.lang.String.startsWith(Ljava/lang/String;I)Z @ 1 c2
Event: 1.172 Thread 0x000002e7ff733c40 DEOPT PACKING pc=0x000002e7effbec68 sp=0x000000e96e7fd970
Event: 1.172 Thread 0x000002e7ff733c40 DEOPT UNPACKING pc=0x000002e7efa469a3 sp=0x000000e96e7fd8d8 mode 2
Event: 1.194 Thread 0x000002e7ff733c40 Uncommon trap: trap_request=0xffffffc6 fr.pc=0x000002e7effecbac relative=0x000000000000044c
Event: 1.194 Thread 0x000002e7ff733c40 Uncommon trap: reason=bimorphic_or_optimized_type_check action=maybe_recompile pc=0x000002e7effecbac method=java.util.HashMap.getNode(Ljava/lang/Object;)Ljava/util/HashMap$Node; @ 63 c2
Event: 1.194 Thread 0x000002e7ff733c40 DEOPT PACKING pc=0x000002e7effecbac sp=0x000000e96e7fdab0
Event: 1.194 Thread 0x000002e7ff733c40 DEOPT UNPACKING pc=0x000002e7efa469a3 sp=0x000000e96e7fda28 mode 2
Event: 1.194 Thread 0x000002e7ff733c40 Uncommon trap: trap_request=0xffffffc6 fr.pc=0x000002e7effecbac relative=0x000000000000044c
Event: 1.194 Thread 0x000002e7ff733c40 Uncommon trap: reason=bimorphic_or_optimized_type_check action=maybe_recompile pc=0x000002e7effecbac method=java.util.HashMap.getNode(Ljava/lang/Object;)Ljava/util/HashMap$Node; @ 63 c2
Event: 1.194 Thread 0x000002e7ff733c40 DEOPT PACKING pc=0x000002e7effecbac sp=0x000000e96e7fdab0
Event: 1.194 Thread 0x000002e7ff733c40 DEOPT UNPACKING pc=0x000002e7efa469a3 sp=0x000000e96e7fda28 mode 2
Event: 1.199 Thread 0x000002e7ff733c40 Uncommon trap: trap_request=0xffffffc6 fr.pc=0x000002e7effecbac relative=0x000000000000044c
Event: 1.199 Thread 0x000002e7ff733c40 Uncommon trap: reason=bimorphic_or_optimized_type_check action=maybe_recompile pc=0x000002e7effecbac method=java.util.HashMap.getNode(Ljava/lang/Object;)Ljava/util/HashMap$Node; @ 63 c2
Event: 1.199 Thread 0x000002e7ff733c40 DEOPT PACKING pc=0x000002e7effecbac sp=0x000000e96e7fdab0
Event: 1.199 Thread 0x000002e7ff733c40 DEOPT UNPACKING pc=0x000002e7efa469a3 sp=0x000000e96e7fda28 mode 2
Event: 1.306 Thread 0x000002e7ff733c40 Uncommon trap: trap_request=0xffffff45 fr.pc=0x000002e7efff5d28 relative=0x0000000000001008
Event: 1.306 Thread 0x000002e7ff733c40 Uncommon trap: reason=unstable_if action=reinterpret pc=0x000002e7efff5d28 method=java.util.concurrent.ConcurrentHashMap.putVal(Ljava/lang/Object;Ljava/lang/Object;Z)Ljava/lang/Object; @ 148 c2
Event: 1.306 Thread 0x000002e7ff733c40 DEOPT PACKING pc=0x000002e7efff5d28 sp=0x000000e96e7fd1a0
Event: 1.306 Thread 0x000002e7ff733c40 DEOPT UNPACKING pc=0x000002e7efa469a3 sp=0x000000e96e7fd120 mode 2

Classes unloaded (0 events):
No events

Classes redefined (0 events):
No events

Internal exceptions (20 events):
Event: 1.084 Thread 0x000002e7ff733c40 Exception <a 'java/lang/NoSuchMethodError'{0x000000008aaf8708}: 'java.lang.Object java.lang.invoke.DirectMethodHandle$Holder.newInvokeSpecial(java.lang.Object, java.lang.Object, java.lang.Object, java.lang.Object, java.lang.Object, java.lang.Object, int)'> (0x000000008aaf8708) 
thrown [s\src\hotspot\share\interpreter\linkResolver.cpp, line 759]
Event: 1.084 Thread 0x000002e7ff733c40 Exception <a 'java/lang/NoSuchMethodError'{0x000000008aafd748}: 'java.lang.Object java.lang.invoke.DirectMethodHandle$Holder.invokeSpecial(java.lang.Object, java.lang.Object, java.lang.Object, java.lang.Object, java.lang.Object, java.lang.Object, java.lang.Object, int)'> (0x000000008aafd748) 
thrown [s\src\hotspot\share\interpreter\linkResolver.cpp, line 759]
Event: 1.123 Thread 0x000002e7ff733c40 Exception <a 'java/lang/NoSuchMethodError'{0x000000008a83a620}: 'int java.lang.invoke.DirectMethodHandle$Holder.invokeInterface(java.lang.Object, java.lang.Object)'> (0x000000008a83a620) 
thrown [s\src\hotspot\share\interpreter\linkResolver.cpp, line 759]
Event: 1.161 Thread 0x000002e7ff733c40 Exception <a 'java/lang/NoSuchMethodError'{0x000000008a75d540}: 'java.lang.Object java.lang.invoke.DirectMethodHandle$Holder.invokeSpecial(java.lang.Object, java.lang.Object, java.lang.Object, int, java.lang.Object)'> (0x000000008a75d540) 
thrown [s\src\hotspot\share\interpreter\linkResolver.cpp, line 759]
Event: 1.162 Thread 0x000002e7ff733c40 Exception <a 'java/lang/NoSuchMethodError'{0x000000008a765ba0}: 'java.lang.Object java.lang.invoke.DirectMethodHandle$Holder.newInvokeSpecial(java.lang.Object, java.lang.Object, java.lang.Object, int, java.lang.Object)'> (0x000000008a765ba0) 
thrown [s\src\hotspot\share\interpreter\linkResolver.cpp, line 759]
Event: 1.163 Thread 0x000002e7ff733c40 Exception <a 'java/lang/NoSuchMethodError'{0x000000008a77c978}: 'java.lang.Object java.lang.invoke.DirectMethodHandle$Holder.newInvokeSpecial(java.lang.Object, int, java.lang.Object)'> (0x000000008a77c978) 
thrown [s\src\hotspot\share\interpreter\linkResolver.cpp, line 759]
Event: 1.164 Thread 0x000002e7ff733c40 Exception <a 'java/lang/NoSuchMethodError'{0x000000008a781658}: 'int java.lang.invoke.DirectMethodHandle$Holder.invokeSpecialIFC(java.lang.Object, java.lang.Object, java.lang.Object, java.lang.Object)'> (0x000000008a781658) 
thrown [s\src\hotspot\share\interpreter\linkResolver.cpp, line 759]
Event: 1.185 Thread 0x000002e7ff733c40 Exception <a 'java/lang/NoSuchMethodError'{0x000000008a6514b8}: 'void java.lang.invoke.DirectMethodHandle$Holder.invokeInterface(java.lang.Object, java.lang.Object, java.lang.Object)'> (0x000000008a6514b8) 
thrown [s\src\hotspot\share\interpreter\linkResolver.cpp, line 759]
Event: 1.210 Thread 0x000002e7ff733c40 Exception <a 'java/lang/NoSuchMethodError'{0x000000008a6f7fb8}: 'void java.lang.invoke.DirectMethodHandle$Holder.invokeStatic(java.lang.Object, java.lang.Object)'> (0x000000008a6f7fb8) 
thrown [s\src\hotspot\share\interpreter\linkResolver.cpp, line 759]
Event: 1.210 Thread 0x000002e7ff733c40 Exception <a 'java/lang/NoSuchMethodError'{0x000000008a6fb7b8}: 'void java.lang.invoke.DirectMethodHandle$Holder.invokeStaticInit(java.lang.Object, java.lang.Object)'> (0x000000008a6fb7b8) 
thrown [s\src\hotspot\share\interpreter\linkResolver.cpp, line 759]
Event: 1.213 Thread 0x000002e7ff733c40 Exception <a 'java/lang/NoSuchMethodError'{0x000000008a50eb68}: 'void java.lang.invoke.DirectMethodHandle$Holder.invokeStaticInit(java.lang.Object, java.lang.Object, java.lang.Object)'> (0x000000008a50eb68) 
thrown [s\src\hotspot\share\interpreter\linkResolver.cpp, line 759]
Event: 1.218 Thread 0x000002e7ff733c40 Exception <a 'java/lang/NoSuchMethodError'{0x000000008a529600}: 'java.lang.Object java.lang.invoke.DirectMethodHandle$Holder.invokeStatic(java.lang.Object, java.lang.Object, long, java.lang.Object)'> (0x000000008a529600) 
thrown [s\src\hotspot\share\interpreter\linkResolver.cpp, line 759]
Event: 1.218 Thread 0x000002e7ff733c40 Exception <a 'java/lang/NoSuchMethodError'{0x000000008a52d098}: 'java.lang.Object java.lang.invoke.DirectMethodHandle$Holder.invokeStaticInit(java.lang.Object, java.lang.Object, long, java.lang.Object)'> (0x000000008a52d098) 
thrown [s\src\hotspot\share\interpreter\linkResolver.cpp, line 759]
Event: 1.219 Thread 0x000002e7ff733c40 Exception <a 'java/lang/NoSuchMethodError'{0x000000008a5337e0}: 'java.lang.Object java.lang.invoke.DirectMethodHandle$Holder.newInvokeSpecial(java.lang.Object, java.lang.Object, long)'> (0x000000008a5337e0) 
thrown [s\src\hotspot\share\interpreter\linkResolver.cpp, line 759]
Event: 1.219 Thread 0x000002e7ff733c40 Exception <a 'java/lang/NoSuchMethodError'{0x000000008a537350}: 'java.lang.Object java.lang.invoke.Invokers$Holder.linkToTargetMethod(java.lang.Object, long, java.lang.Object)'> (0x000000008a537350) 
thrown [s\src\hotspot\share\interpreter\linkResolver.cpp, line 759]
Event: 1.235 Thread 0x000002e7ff733c40 Exception <a 'java/lang/NoSuchMethodError'{0x000000008a588ad8}: 'void java.lang.invoke.DirectMethodHandle$Holder.invokeSpecial(java.lang.Object, java.lang.Object, java.lang.Object, java.lang.Object, java.lang.Object)'> (0x000000008a588ad8) 
thrown [s\src\hotspot\share\interpreter\linkResolver.cpp, line 759]
Event: 1.236 Thread 0x000002e7ff733c40 Exception <a 'java/lang/NoSuchMethodError'{0x000000008a5910f0}: 'void java.lang.invoke.DirectMethodHandle$Holder.invokeVirtual(java.lang.Object, java.lang.Object, java.lang.Object, java.lang.Object)'> (0x000000008a5910f0) 
thrown [s\src\hotspot\share\interpreter\linkResolver.cpp, line 759]
Event: 1.278 Thread 0x000002e7ff733c40 Exception <a 'java/lang/NoSuchMethodError'{0x000000008a300cb0}: 'void java.lang.invoke.DirectMethodHandle$Holder.invokeSpecial(java.lang.Object, java.lang.Object, java.lang.Object)'> (0x000000008a300cb0) 
thrown [s\src\hotspot\share\interpreter\linkResolver.cpp, line 759]
Event: 1.285 Thread 0x000002e784241150 Exception <a 'java/lang/NoClassDefFoundError'{0x000000008a382ab0}: jakarta/validation/Validation> (0x000000008a382ab0) 
thrown [s\src\hotspot\share\classfile\systemDictionary.cpp, line 245]
Event: 1.285 Thread 0x000002e7ff733c40 Exception <a 'java/lang/IncompatibleClassChangeError'{0x000000008a331a68}: Found class java.lang.Object, but interface was expected> (0x000000008a331a68) 
thrown [s\src\hotspot\share\interpreter\linkResolver.cpp, line 826]

VM Operations (14 events):
Event: 0.237 Executing VM operation: HandshakeAllThreads
Event: 0.237 Executing VM operation: HandshakeAllThreads done
Event: 0.362 Executing VM operation: HandshakeAllThreads
Event: 0.362 Executing VM operation: HandshakeAllThreads done
Event: 0.531 Executing VM operation: HandshakeAllThreads
Event: 0.531 Executing VM operation: HandshakeAllThreads done
Event: 0.902 Executing VM operation: HandshakeAllThreads
Event: 0.902 Executing VM operation: HandshakeAllThreads done
Event: 1.035 Executing VM operation: G1CollectForAllocation
Event: 1.040 Executing VM operation: G1CollectForAllocation done
Event: 1.136 Executing VM operation: HandshakeAllThreads
Event: 1.136 Executing VM operation: HandshakeAllThreads done
Event: 1.275 Executing VM operation: HandshakeAllThreads
Event: 1.275 Executing VM operation: HandshakeAllThreads done

Events (20 events):
Event: 1.434 loading class sun/util/resources/Bundles$CacheKeyReference
Event: 1.434 loading class sun/util/resources/Bundles$CacheKeyReference done
Event: 1.434 loading class sun/util/resources/Bundles$BundleReference done
Event: 1.434 loading class sun/util/locale/provider/LocaleResources$ResourceReference
Event: 1.434 loading class sun/util/locale/provider/LocaleResources$ResourceReference done
Event: 1.434 loading class sun/util/calendar/Gregorian$Date
Event: 1.434 loading class sun/util/calendar/BaseCalendar$Date
Event: 1.435 loading class sun/util/calendar/CalendarDate
Event: 1.435 loading class sun/util/calendar/CalendarDate done
Event: 1.435 loading class sun/util/calendar/BaseCalendar$Date done
Event: 1.435 loading class sun/util/calendar/Gregorian$Date done
Event: 1.435 loading class sun/util/calendar/CalendarUtils
Event: 1.435 loading class sun/util/calendar/CalendarUtils done
Event: 1.435 loading class java/text/DateFormatSymbols
Event: 1.436 loading class java/text/DateFormatSymbols done
Event: 1.436 loading class sun/util/locale/provider/DateFormatSymbolsProviderImpl
Event: 1.437 loading class sun/util/locale/provider/DateFormatSymbolsProviderImpl done
Event: 1.438 loading class sun/text/resources/cldr/FormatData
Event: 1.439 loading class sun/text/resources/cldr/FormatData done
Event: 1.439 loading class sun/text/resources/cldr/FormatData_en


Dynamic libraries:
0x00007ff74ecb0000 - 0x00007ff74ecbe000 	C:\Users\NIKHIL MOWADE\OneDrive\Desktop\mysql connector and java jars\new sts\sts-4.21.0.RELEASE\plugins\org.eclipse.justj.openjdk.hotspot.jre.full.win32.x86_64_17.0.9.v20231028-0858\jre\bin\javaw.exe
0x00007ffd73170000 - 0x00007ffd73387000 	C:\WINDOWS\SYSTEM32\ntdll.dll
0x00007ffd72160000 - 0x00007ffd72224000 	C:\WINDOWS\System32\KERNEL32.DLL
0x00007ffd709b0000 - 0x00007ffd70d56000 	C:\WINDOWS\System32\KERNELBASE.dll
0x00007ffd706c0000 - 0x00007ffd707d1000 	C:\WINDOWS\System32\ucrtbase.dll
0x00007ffd45500000 - 0x00007ffd4551b000 	C:\Users\NIKHIL MOWADE\OneDrive\Desktop\mysql connector and java jars\new sts\sts-4.21.0.RELEASE\plugins\org.eclipse.justj.openjdk.hotspot.jre.full.win32.x86_64_17.0.9.v20231028-0858\jre\bin\VCRUNTIME140.dll
0x00007ffd46770000 - 0x00007ffd46787000 	C:\Users\NIKHIL MOWADE\OneDrive\Desktop\mysql connector and java jars\new sts\sts-4.21.0.RELEASE\plugins\org.eclipse.justj.openjdk.hotspot.jre.full.win32.x86_64_17.0.9.v20231028-0858\jre\bin\jli.dll
0x00007ffd728f0000 - 0x00007ffd72a9e000 	C:\WINDOWS\System32\USER32.dll
0x00007ffd5dc60000 - 0x00007ffd5def3000 	C:\WINDOWS\WinSxS\amd64_microsoft.windows.common-controls_6595b64144ccf1df_6.0.22621.2506_none_270c5ae97388e100\COMCTL32.dll
0x00007ffd707e0000 - 0x00007ffd70806000 	C:\WINDOWS\System32\win32u.dll
0x00007ffd720b0000 - 0x00007ffd72157000 	C:\WINDOWS\System32\msvcrt.dll
0x00007ffd72000000 - 0x00007ffd72029000 	C:\WINDOWS\System32\GDI32.dll
0x00007ffd70890000 - 0x00007ffd709a8000 	C:\WINDOWS\System32\gdi32full.dll
0x00007ffd70e20000 - 0x00007ffd70eba000 	C:\WINDOWS\System32\msvcp_win.dll
0x00007ffd71fb0000 - 0x00007ffd71fe1000 	C:\WINDOWS\System32\IMM32.DLL
0x00007ffd6bab0000 - 0x00007ffd6babc000 	C:\Users\NIKHIL MOWADE\OneDrive\Desktop\mysql connector and java jars\new sts\sts-4.21.0.RELEASE\plugins\org.eclipse.justj.openjdk.hotspot.jre.full.win32.x86_64_17.0.9.v20231028-0858\jre\bin\vcruntime140_1.dll
0x00007ffd3d160000 - 0x00007ffd3d1ed000 	C:\Users\NIKHIL MOWADE\OneDrive\Desktop\mysql connector and java jars\new sts\sts-4.21.0.RELEASE\plugins\org.eclipse.justj.openjdk.hotspot.jre.full.win32.x86_64_17.0.9.v20231028-0858\jre\bin\msvcp140.dll
0x00007ffcc7de0000 - 0x00007ffcc8a41000 	C:\Users\NIKHIL MOWADE\OneDrive\Desktop\mysql connector and java jars\new sts\sts-4.21.0.RELEASE\plugins\org.eclipse.justj.openjdk.hotspot.jre.full.win32.x86_64_17.0.9.v20231028-0858\jre\bin\server\jvm.dll
0x00007ffd72f20000 - 0x00007ffd72fd1000 	C:\WINDOWS\System32\ADVAPI32.dll
0x00007ffd72640000 - 0x00007ffd726e5000 	C:\WINDOWS\System32\sechost.dll
0x00007ffd72bc0000 - 0x00007ffd72cd7000 	C:\WINDOWS\System32\RPCRT4.dll
0x00007ffd69130000 - 0x00007ffd6913a000 	C:\WINDOWS\SYSTEM32\VERSION.dll
0x00007ffd691b0000 - 0x00007ffd691e4000 	C:\WINDOWS\SYSTEM32\WINMM.dll
0x00007ffd59cd0000 - 0x00007ffd59cd9000 	C:\WINDOWS\SYSTEM32\WSOCK32.dll
0x00007ffd703b0000 - 0x00007ffd703fd000 	C:\WINDOWS\SYSTEM32\POWRPROF.dll
0x00007ffd72230000 - 0x00007ffd722a1000 	C:\WINDOWS\System32\WS2_32.dll
0x00007ffd70390000 - 0x00007ffd703a3000 	C:\WINDOWS\SYSTEM32\UMPDC.dll
0x00007ffd6f4e0000 - 0x00007ffd6f4f8000 	C:\WINDOWS\SYSTEM32\kernel.appcore.dll
0x00007ffd59c30000 - 0x00007ffd59c3a000 	C:\Users\NIKHIL MOWADE\OneDrive\Desktop\mysql connector and java jars\new sts\sts-4.21.0.RELEASE\plugins\org.eclipse.justj.openjdk.hotspot.jre.full.win32.x86_64_17.0.9.v20231028-0858\jre\bin\jimage.dll
0x00007ffd607e0000 - 0x00007ffd60a13000 	C:\WINDOWS\SYSTEM32\DBGHELP.DLL
0x00007ffd722b0000 - 0x00007ffd72639000 	C:\WINDOWS\System32\combase.dll
0x00007ffd717d0000 - 0x00007ffd718a7000 	C:\WINDOWS\System32\OLEAUT32.dll
0x00007ffd59620000 - 0x00007ffd59652000 	C:\WINDOWS\SYSTEM32\dbgcore.DLL
0x00007ffd70810000 - 0x00007ffd7088a000 	C:\WINDOWS\System32\bcryptPrimitives.dll
0x00007ffd533f0000 - 0x00007ffd53415000 	C:\Users\NIKHIL MOWADE\OneDrive\Desktop\mysql connector and java jars\new sts\sts-4.21.0.RELEASE\plugins\org.eclipse.justj.openjdk.hotspot.jre.full.win32.x86_64_17.0.9.v20231028-0858\jre\bin\java.dll
0x00007ffd572d0000 - 0x00007ffd572e8000 	C:\Users\NIKHIL MOWADE\OneDrive\Desktop\mysql connector and java jars\new sts\sts-4.21.0.RELEASE\plugins\org.eclipse.justj.openjdk.hotspot.jre.full.win32.x86_64_17.0.9.v20231028-0858\jre\bin\zip.dll
0x00007ffd70ec0000 - 0x00007ffd7171a000 	C:\WINDOWS\System32\SHELL32.dll
0x00007ffd6e400000 - 0x00007ffd6ecf6000 	C:\WINDOWS\SYSTEM32\windows.storage.dll
0x00007ffd6e2c0000 - 0x00007ffd6e3fe000 	C:\WINDOWS\SYSTEM32\wintypes.dll
0x00007ffd71eb0000 - 0x00007ffd71fa3000 	C:\WINDOWS\System32\SHCORE.dll
0x00007ffd72890000 - 0x00007ffd728ee000 	C:\WINDOWS\System32\shlwapi.dll
0x00007ffd70410000 - 0x00007ffd70436000 	C:\WINDOWS\SYSTEM32\profapi.dll
0x00007ffd57290000 - 0x00007ffd572a9000 	C:\Users\NIKHIL MOWADE\OneDrive\Desktop\mysql connector and java jars\new sts\sts-4.21.0.RELEASE\plugins\org.eclipse.justj.openjdk.hotspot.jre.full.win32.x86_64_17.0.9.v20231028-0858\jre\bin\net.dll
0x00007ffd69230000 - 0x00007ffd69367000 	C:\WINDOWS\SYSTEM32\WINHTTP.dll
0x00007ffd6f960000 - 0x00007ffd6f9c9000 	C:\WINDOWS\system32\mswsock.dll
0x00007ffd51910000 - 0x00007ffd51926000 	C:\Users\NIKHIL MOWADE\OneDrive\Desktop\mysql connector and java jars\new sts\sts-4.21.0.RELEASE\plugins\org.eclipse.justj.openjdk.hotspot.jre.full.win32.x86_64_17.0.9.v20231028-0858\jre\bin\nio.dll
0x00007ffd6b8d0000 - 0x00007ffd6b8d9000 	C:\Users\NIKHIL MOWADE\OneDrive\Desktop\mysql connector and java jars\new sts\sts-4.21.0.RELEASE\plugins\org.eclipse.justj.openjdk.hotspot.jre.full.win32.x86_64_17.0.9.v20231028-0858\jre\bin\management.dll
0x00007ffd6b8c0000 - 0x00007ffd6b8cb000 	C:\Users\NIKHIL MOWADE\OneDrive\Desktop\mysql connector and java jars\new sts\sts-4.21.0.RELEASE\plugins\org.eclipse.justj.openjdk.hotspot.jre.full.win32.x86_64_17.0.9.v20231028-0858\jre\bin\management_ext.dll
0x00007ffd71e40000 - 0x00007ffd71e48000 	C:\WINDOWS\System32\PSAPI.DLL

dbghelp: loaded successfully - version: 4.0.5 - missing functions: none
symbol engine: initialized successfully - sym options: 0x614 - pdb path: .;C:\Users\NIKHIL MOWADE\OneDrive\Desktop\mysql connector and java jars\new sts\sts-4.21.0.RELEASE\plugins\org.eclipse.justj.openjdk.hotspot.jre.full.win32.x86_64_17.0.9.v20231028-0858\jre\bin;C:\WINDOWS\SYSTEM32;C:\WINDOWS\WinSxS\amd64_microsoft.windows.common-controls_6595b64144ccf1df_6.0.22621.2506_none_270c5ae97388e100;C:\Users\NIKHIL MOWADE\OneDrive\Desktop\mysql connector and java jars\new sts\sts-4.21.0.RELEASE\plugins\org.eclipse.justj.openjdk.hotspot.jre.full.win32.x86_64_17.0.9.v20231028-0858\jre\bin\server

VM Arguments:
jvm_args: -Dfile.encoding=UTF-8 -Dstdout.encoding=UTF-8 -Dstderr.encoding=UTF-8 -XX:+ShowCodeDetailsInExceptionMessages 
java_command: com.dac.portal.PortalTemplateApplication
java_class_path (initial): C:\CDAC\Class Works\Web-based Java Programming\Rest-Api\Day 22-20231216T101620Z-001\Day 22\PortalTemplate\target\classes;C:\Users\NIKHIL MOWADE\.m2\repository\org\springframework\boot\spring-boot-starter-thymeleaf\3.2.0\spring-boot-starter-thymeleaf-3.2.0.jar;C:\Users\NIKHIL MOWADE\.m2\repository\org\springframework\boot\spring-boot-starter\3.2.0\spring-boot-starter-3.2.0.jar;C:\Users\NIKHIL MOWADE\.m2\repository\org\springframework\boot\spring-boot-starter-logging\3.2.0\spring-boot-starter-logging-3.2.0.jar;C:\Users\NIKHIL MOWADE\.m2\repository\ch\qos\logback\logback-classic\1.4.11\logback-classic-1.4.11.jar;C:\Users\NIKHIL MOWADE\.m2\repository\ch\qos\logback\logback-core\1.4.11\logback-core-1.4.11.jar;C:\Users\NIKHIL MOWADE\.m2\repository\org\apache\logging\log4j\log4j-to-slf4j\2.21.1\log4j-to-slf4j-2.21.1.jar;C:\Users\NIKHIL MOWADE\.m2\repository\org\apache\logging\log4j\log4j-api\2.21.1\log4j-api-2.21.1.jar;C:\Users\NIKHIL MOWADE\.m2\repository\org\slf4j\jul-to-slf4j\2.0.9\jul-to-slf4j-2.0.9.jar;C:\Users\NIKHIL MOWADE\.m2\repository\jakarta\annotation\jakarta.annotation-api\2.1.1\jakarta.annotation-api-2.1.1.jar;C:\Users\NIKHIL MOWADE\.m2\repository\org\yaml\snakeyaml\2.2\snakeyaml-2.2.jar;C:\Users\NIKHIL MOWADE\.m2\repository\org\thymeleaf\thymeleaf-spring6\3.1.2.RELEASE\thymeleaf-spring6-3.1.2.RELEASE.jar;C:\Users\NIKHIL MOWADE\.m2\repository\org\thymeleaf\thymeleaf\3.1.2.RELEASE\thymeleaf-3.1.2.RELEASE.jar;C:\Users\NIKHIL MOWADE\.m2\repository\org\attoparser\attoparser\2.0.7.RELEASE\attoparser-2.0.7.RELEASE.jar;C:\Users\NIKHIL MOWADE\.m2\repository\org\unbescape\unbescape\1.1.6.RELEASE\unbescape-1.1.6.RELEASE.jar;C:\Users\NIKHIL MOWADE\.m2\repository\org\slf4j\slf4j-api\2.0.9\slf4j-api-2.0.9.jar;C:\Users\NIKHIL MOWADE\.m2\repository\org\springframework\boot\spring-boot-starter-web\3.2.0\spring-boot-starter-web-3.2.0.jar;C:\Users\NIKHIL MOWADE\.m2\repository\org\springframework\boot\spring-boot-starter-json\3.2.0\spring-boot-start
Launcher Type: SUN_STANDARD

[Global flags]
     intx CICompilerCount                          = 4                                         {product} {ergonomic}
     uint ConcGCThreads                            = 2                                         {product} {ergonomic}
     uint G1ConcRefinementThreads                  = 8                                         {product} {ergonomic}
   size_t G1HeapRegionSize                         = 1048576                                   {product} {ergonomic}
    uintx GCDrainStackTargetSize                   = 64                                        {product} {ergonomic}
   size_t InitialHeapSize                          = 132120576                                 {product} {ergonomic}
   size_t MarkStackSize                            = 4194304                                   {product} {ergonomic}
   size_t MaxHeapSize                              = 2099249152                                {product} {ergonomic}
   size_t MaxNewSize                               = 1259339776                                {product} {ergonomic}
   size_t MinHeapDeltaBytes                        = 1048576                                   {product} {ergonomic}
   size_t MinHeapSize                              = 8388608                                   {product} {ergonomic}
    uintx NonNMethodCodeHeapSize                   = 5839372                                {pd product} {ergonomic}
    uintx NonProfiledCodeHeapSize                  = 122909434                              {pd product} {ergonomic}
    uintx ProfiledCodeHeapSize                     = 122909434                              {pd product} {ergonomic}
    uintx ReservedCodeCacheSize                    = 251658240                              {pd product} {ergonomic}
     bool SegmentedCodeCache                       = true                                      {product} {ergonomic}
     bool ShowCodeDetailsInExceptionMessages       = true                                   {manageable} {command line}
   size_t SoftMaxHeapSize                          = 2099249152                             {manageable} {ergonomic}
     bool UseCompressedClassPointers               = true                           {product lp64_product} {ergonomic}
     bool UseCompressedOops                        = true                           {product lp64_product} {ergonomic}
     bool UseG1GC                                  = true                                      {product} {ergonomic}
     bool UseLargePagesIndividualAllocation        = false                                  {pd product} {ergonomic}

Logging:
Log output configuration:
 #0: stdout all=warning uptime,level,tags
 #1: stderr all=off uptime,level,tags

Environment Variables:
PATH=C:/Users/NIKHIL MOWADE/OneDrive/Desktop/mysql connector and java jars/new sts/sts-4.21.0.RELEASE//plugins/org.eclipse.justj.openjdk.hotspot.jre.full.win32.x86_64_17.0.9.v20231028-0858/jre/bin/server;C:/Users/NIKHIL MOWADE/OneDrive/Desktop/mysql connector and java jars/new sts/sts-4.21.0.RELEASE//plugins/org.eclipse.justj.openjdk.hotspot.jre.full.win32.x86_64_17.0.9.v20231028-0858/jre/bin;C:\ProgramData\Oracle\Java\javapath;C:\Program Files\Common Files\Oracle\Java\javapath;C:\Program Files\Python311\Scripts\;C:\Program Files\Python311\;C:\Program Files\Python39\Scripts\;C:\Program Files\Python39\;C:\Program Files (x86)\Common Files\Oracle\Java\javapath;C:\Windows\system32;C:\Windows;C:\Windows\System32\Wbem;C:\Windows\System32\WindowsPowerShell\v1.0\;C:\Windows\System32\OpenSSH\;C:\Program Files (x86)\NVIDIA Corporation\PhysX\Common;C:\Program Files\NVIDIA Corporation\NVIDIA NvDLISR;C:\MinGW\bin;C:\WINDOWS\system32;C:\WINDOWS;C:\WINDOWS\System32\Wbem;C:\WINDOWS\System32\WindowsPowerShell\v1.0\;C:\WINDOWS\System32\OpenSSH\;C:\Program Files\nodejs;C:\Users\NIKHIL MOWADE\AppData\Roaming\Microsoft\Windows\Start Menu\Programs\Python 3.9;C:\Program Files\MySQL\MySQL Server 8.0\bin;C:\Program Files\Git\cmd;C:\Program Files\MongoDB\Server\5.0\bin;C:\Program Files\nodejs\;C:\Program Files\Java\jdk-17\bin;C:\Users\NIKHIL MOWADE\AppData\Local\Microsoft\WindowsApps;C:\Users\NIKHIL MOWADE\AppData\Local\Programs\Microsoft VS Code\bin;C:\Users\NIKHIL MOWADE\AppData\Roaming\Microsoft\Windows\Start Menu\Programs\Python 3.9;C:\xampp\php;C:\Users\NIKHIL MOWADE\AppData\Roaming\npm;C:\Program Files\Java\jdk-17\bin;;C:\Users\NIKHIL MOWADE\OneDrive\Desktop\mysql connector and java jars\new sts\sts-4.21.0.RELEASE;
USERNAME=NIKHIL MOWADE
OS=Windows_NT
PROCESSOR_IDENTIFIER=AMD64 Family 23 Model 24 Stepping 1, AuthenticAMD
TMP=C:\Users\NIKHIL~1\AppData\Local\Temp
TEMP=C:\Users\NIKHIL~1\AppData\Local\Temp



Periodic native trim disabled


---------------  S Y S T E M  ---------------

OS:
 Windows 11 , 64 bit Build 22621 (10.0.22621.2506)
OS uptime: 0 days 0:19 hours

CPU: total 8 (initial active 8) (8 cores per cpu, 2 threads per core) family 23 model 24 stepping 1 microcode 0x0, cx8, cmov, fxsr, ht, mmx, 3dnowpref, sse, sse2, sse3, ssse3, sse4a, sse4.1, sse4.2, popcnt, lzcnt, tsc, tscinvbit, avx, avx2, aes, clmul, bmi1, bmi2, adx, sha, fma, vzeroupper, clflush, clflushopt
Processor Information for all 8 processors :
  Max Mhz: 2100, Current Mhz: 2100, Mhz Limit: 2100

Memory: 4k page, system-wide physical 8000M (475M free)
TotalPageFile size 11000M (AvailPageFile size 3M)
current process WorkingSet (physical memory assigned to process): 93M, peak: 93M
current process commit charge ("private bytes"): 231M, peak: 232M

vm_info: OpenJDK 64-Bit Server VM (17.0.9+9) for windows-amd64 JRE (17.0.9+9), built on Oct 26 2023 14:01:42 by "admin" with MS VC++ 16.10 / 16.11 (VS2019)

END.
